[2025-04-02 15:18:05,687: INFO: main: Welcme to my Log]
[2025-04-02 15:19:16,704: INFO: main: Welcome to my Log]
[2025-04-07 15:19:04,428: INFO: common: yaml file: config\config.yaml loaded successfully]
[2025-04-07 15:19:04,432: INFO: common: yaml file: params.yaml loaded successfully]
[2025-04-07 15:19:04,434: INFO: common: created directory at: artifacts]
[2025-04-07 15:19:04,436: INFO: common: created directory at: artifacts/data_ingestion]
[2025-04-07 15:19:04,438: INFO: 986331348: Downloading data from https://drive.google.com/file/d/1vlhZ5c7abUKF8xXERIw6m9Te8fW7ohw3/view?usp=sharing into file artifacts/data_ingestion/data.zip]
[2025-04-07 15:19:32,624: INFO: 986331348: Downloaded data from https://drive.google.com/file/d/1vlhZ5c7abUKF8xXERIw6m9Te8fW7ohw3/view?usp=sharing into file artifacts/data_ingestion/data.zip]
[2025-04-08 14:38:36,055: INFO: main: >>>>>> stage Data Ingestion stage started <<<<<<]
[2025-04-08 14:38:36,058: INFO: common: yaml file: config\config.yaml loaded successfully]
[2025-04-08 14:38:36,059: INFO: common: yaml file: params.yaml loaded successfully]
[2025-04-08 14:38:36,060: INFO: common: created directory at: artifacts]
[2025-04-08 14:38:36,061: INFO: common: created directory at: artifacts/data_ingestion]
[2025-04-08 14:38:36,062: INFO: data_ingestion: Downloading data from https://drive.google.com/file/d/1vlhZ5c7abUKF8xXERIw6m9Te8fW7ohw3/view?usp=sharing into file artifacts/data_ingestion/data.zip]
[2025-04-08 14:39:40,898: INFO: data_ingestion: Downloaded data from https://drive.google.com/file/d/1vlhZ5c7abUKF8xXERIw6m9Te8fW7ohw3/view?usp=sharing into file artifacts/data_ingestion/data.zip]
[2025-04-08 14:39:42,447: INFO: main: >>>>>> stage Data Ingestion stage completed <<<<<<

x==========x]
[2025-04-09 13:03:11,564: INFO: common: yaml file: config\config.yaml loaded successfully]
[2025-04-09 13:03:11,568: INFO: common: yaml file: params.yaml loaded successfully]
[2025-04-09 13:03:11,570: INFO: common: created directory at: artifacts]
[2025-04-09 13:03:11,572: INFO: common: created directory at: artifacts/prepare_base_model]
[2025-04-09 13:03:12,327: WARNING: saving_api: You are saving your model as an HDF5 file via `model.save()` or `keras.saving.save_model(model)`. This file format is considered legacy. We recommend using instead the native Keras format, e.g. `model.save('my_model.keras')` or `keras.saving.save_model(model, 'my_model.keras')`. ]
[2025-04-09 13:03:12,546: WARNING: saving_api: You are saving your model as an HDF5 file via `model.save()` or `keras.saving.save_model(model)`. This file format is considered legacy. We recommend using instead the native Keras format, e.g. `model.save('my_model.keras')` or `keras.saving.save_model(model, 'my_model.keras')`. ]
[2025-04-09 13:58:49,424: INFO: main: >>>>>> stage Data Ingestion stage started <<<<<<]
[2025-04-09 13:58:49,427: INFO: common: yaml file: config\config.yaml loaded successfully]
[2025-04-09 13:58:49,429: INFO: common: yaml file: params.yaml loaded successfully]
[2025-04-09 13:58:49,430: INFO: common: created directory at: artifacts]
[2025-04-09 13:58:49,432: INFO: common: created directory at: artifacts/data_ingestion]
[2025-04-09 13:58:49,434: INFO: data_ingestion: Downloading data from https://drive.google.com/file/d/1vlhZ5c7abUKF8xXERIw6m9Te8fW7ohw3/view?usp=sharing into file artifacts/data_ingestion/data.zip]
[2025-04-09 13:59:30,528: INFO: data_ingestion: Downloaded data from https://drive.google.com/file/d/1vlhZ5c7abUKF8xXERIw6m9Te8fW7ohw3/view?usp=sharing into file artifacts/data_ingestion/data.zip]
[2025-04-09 13:59:32,383: INFO: main: >>>>>> stage Data Ingestion stage completed <<<<<<

x==========x]
[2025-04-09 13:59:32,385: INFO: main: *******************]
[2025-04-09 13:59:32,385: INFO: main: >>>>>> stage Prepare base model started <<<<<<]
[2025-04-09 13:59:32,388: INFO: common: yaml file: config\config.yaml loaded successfully]
[2025-04-09 13:59:32,393: INFO: common: yaml file: params.yaml loaded successfully]
[2025-04-09 13:59:32,399: INFO: common: created directory at: artifacts]
[2025-04-09 13:59:32,399: INFO: common: created directory at: artifacts/prepare_base_model]
[2025-04-09 13:59:32,998: WARNING: saving_api: You are saving your model as an HDF5 file via `model.save()` or `keras.saving.save_model(model)`. This file format is considered legacy. We recommend using instead the native Keras format, e.g. `model.save('my_model.keras')` or `keras.saving.save_model(model, 'my_model.keras')`. ]
[2025-04-09 13:59:33,198: WARNING: saving_api: You are saving your model as an HDF5 file via `model.save()` or `keras.saving.save_model(model)`. This file format is considered legacy. We recommend using instead the native Keras format, e.g. `model.save('my_model.keras')` or `keras.saving.save_model(model, 'my_model.keras')`. ]
[2025-04-09 13:59:33,325: INFO: main: >>>>>> stage Prepare base model completed <<<<<<

x==========x]
[2025-04-09 14:28:56,805: INFO: common: yaml file: config\config.yaml loaded successfully]
[2025-04-09 14:28:56,808: INFO: common: yaml file: params.yaml loaded successfully]
[2025-04-09 14:28:56,810: INFO: common: created directory at: artifacts]
[2025-04-09 14:28:56,812: INFO: common: created directory at: artifacts\training]
[2025-04-09 14:28:57,306: WARNING: saving_utils: Compiled the loaded model, but the compiled metrics have yet to be built. `model.compile_metrics` will be empty until you train or evaluate the model.]
[2025-04-09 14:38:19,156: WARNING: saving_api: You are saving your model as an HDF5 file via `model.save()` or `keras.saving.save_model(model)`. This file format is considered legacy. We recommend using instead the native Keras format, e.g. `model.save('my_model.keras')` or `keras.saving.save_model(model, 'my_model.keras')`. ]
[2025-04-09 15:01:56,835: INFO: main: >>>>>> stage Data Ingestion stage started <<<<<<]
[2025-04-09 15:01:56,839: INFO: common: yaml file: config\config.yaml loaded successfully]
[2025-04-09 15:01:56,842: INFO: common: yaml file: params.yaml loaded successfully]
[2025-04-09 15:01:56,844: INFO: common: created directory at: artifacts]
[2025-04-09 15:01:56,845: INFO: common: created directory at: artifacts/data_ingestion]
[2025-04-09 15:01:56,847: INFO: data_ingestion: Downloading data from https://drive.google.com/file/d/1vlhZ5c7abUKF8xXERIw6m9Te8fW7ohw3/view?usp=sharing into file artifacts/data_ingestion/data.zip]
[2025-04-09 15:02:09,707: INFO: data_ingestion: Downloaded data from https://drive.google.com/file/d/1vlhZ5c7abUKF8xXERIw6m9Te8fW7ohw3/view?usp=sharing into file artifacts/data_ingestion/data.zip]
[2025-04-09 15:02:11,254: INFO: main: >>>>>> stage Data Ingestion stage completed <<<<<<

x==========x]
[2025-04-09 15:02:11,255: INFO: main: *******************]
[2025-04-09 15:02:11,255: INFO: main: >>>>>> stage Prepare base model started <<<<<<]
[2025-04-09 15:02:11,258: INFO: common: yaml file: config\config.yaml loaded successfully]
[2025-04-09 15:02:11,262: INFO: common: yaml file: params.yaml loaded successfully]
[2025-04-09 15:02:11,263: INFO: common: created directory at: artifacts]
[2025-04-09 15:02:11,264: INFO: common: created directory at: artifacts/prepare_base_model]
[2025-04-09 15:02:11,808: WARNING: saving_api: You are saving your model as an HDF5 file via `model.save()` or `keras.saving.save_model(model)`. This file format is considered legacy. We recommend using instead the native Keras format, e.g. `model.save('my_model.keras')` or `keras.saving.save_model(model, 'my_model.keras')`. ]
[2025-04-09 15:02:12,015: WARNING: saving_api: You are saving your model as an HDF5 file via `model.save()` or `keras.saving.save_model(model)`. This file format is considered legacy. We recommend using instead the native Keras format, e.g. `model.save('my_model.keras')` or `keras.saving.save_model(model, 'my_model.keras')`. ]
[2025-04-09 15:02:12,138: INFO: main: >>>>>> stage Prepare base model completed <<<<<<

x==========x]
[2025-04-09 15:02:12,140: INFO: main: *******************]
[2025-04-09 15:02:12,140: INFO: main: >>>>>> stage Training started <<<<<<]
[2025-04-09 15:02:12,143: INFO: common: yaml file: config\config.yaml loaded successfully]
[2025-04-09 15:02:12,147: INFO: common: yaml file: params.yaml loaded successfully]
[2025-04-09 15:02:12,148: INFO: common: created directory at: artifacts]
[2025-04-09 15:02:12,150: INFO: common: created directory at: artifacts\training]
[2025-04-09 15:02:12,376: WARNING: saving_utils: Compiled the loaded model, but the compiled metrics have yet to be built. `model.compile_metrics` will be empty until you train or evaluate the model.]
[2025-04-09 15:04:30,066: WARNING: saving_api: You are saving your model as an HDF5 file via `model.save()` or `keras.saving.save_model(model)`. This file format is considered legacy. We recommend using instead the native Keras format, e.g. `model.save('my_model.keras')` or `keras.saving.save_model(model, 'my_model.keras')`. ]
[2025-04-09 15:04:30,269: INFO: main: >>>>>> stage Training completed <<<<<<

x==========x]
[2025-04-14 15:14:58,363: INFO: main: >>>>>> stage Data Ingestion stage started <<<<<<]
[2025-04-14 15:14:58,366: INFO: common: yaml file: config\config.yaml loaded successfully]
[2025-04-14 15:14:58,368: INFO: common: yaml file: params.yaml loaded successfully]
[2025-04-14 15:14:58,370: INFO: common: created directory at: artifacts]
[2025-04-14 15:14:58,371: INFO: common: created directory at: artifacts/data_ingestion]
[2025-04-14 15:14:58,372: INFO: data_ingestion: Downloading data from https://drive.google.com/file/d/1vlhZ5c7abUKF8xXERIw6m9Te8fW7ohw3/view?usp=sharing into file artifacts/data_ingestion/data.zip]
[2025-04-14 15:15:08,501: INFO: data_ingestion: Downloaded data from https://drive.google.com/file/d/1vlhZ5c7abUKF8xXERIw6m9Te8fW7ohw3/view?usp=sharing into file artifacts/data_ingestion/data.zip]
[2025-04-14 15:15:09,948: INFO: main: >>>>>> stage Data Ingestion stage completed <<<<<<

x==========x]
[2025-04-14 15:15:09,949: INFO: main: *******************]
[2025-04-14 15:15:09,950: INFO: main: >>>>>> stage Prepare base model started <<<<<<]
[2025-04-14 15:15:09,954: INFO: common: yaml file: config\config.yaml loaded successfully]
[2025-04-14 15:15:09,958: INFO: common: yaml file: params.yaml loaded successfully]
[2025-04-14 15:15:09,958: INFO: common: created directory at: artifacts]
[2025-04-14 15:15:09,959: INFO: common: created directory at: artifacts/prepare_base_model]
[2025-04-14 15:15:10,743: WARNING: saving_api: You are saving your model as an HDF5 file via `model.save()` or `keras.saving.save_model(model)`. This file format is considered legacy. We recommend using instead the native Keras format, e.g. `model.save('my_model.keras')` or `keras.saving.save_model(model, 'my_model.keras')`. ]
[2025-04-14 15:15:10,965: WARNING: saving_api: You are saving your model as an HDF5 file via `model.save()` or `keras.saving.save_model(model)`. This file format is considered legacy. We recommend using instead the native Keras format, e.g. `model.save('my_model.keras')` or `keras.saving.save_model(model, 'my_model.keras')`. ]
[2025-04-14 15:15:11,120: INFO: main: >>>>>> stage Prepare base model completed <<<<<<

x==========x]
[2025-04-14 15:15:11,120: INFO: main: *******************]
[2025-04-14 15:15:11,121: INFO: main: >>>>>> stage Training started <<<<<<]
[2025-04-14 15:15:11,123: INFO: common: yaml file: config\config.yaml loaded successfully]
[2025-04-14 15:15:11,125: INFO: common: yaml file: params.yaml loaded successfully]
[2025-04-14 15:15:11,126: INFO: common: created directory at: artifacts]
[2025-04-14 15:15:11,129: INFO: common: created directory at: artifacts\training]
[2025-04-14 15:15:11,398: WARNING: saving_utils: Compiled the loaded model, but the compiled metrics have yet to be built. `model.compile_metrics` will be empty until you train or evaluate the model.]
[2025-04-14 15:17:02,544: WARNING: saving_api: You are saving your model as an HDF5 file via `model.save()` or `keras.saving.save_model(model)`. This file format is considered legacy. We recommend using instead the native Keras format, e.g. `model.save('my_model.keras')` or `keras.saving.save_model(model, 'my_model.keras')`. ]
[2025-04-14 15:17:02,708: INFO: main: >>>>>> stage Training completed <<<<<<

x==========x]
[2025-04-14 15:17:02,709: INFO: main: *******************]
[2025-04-14 15:17:02,709: INFO: main: >>>>>> stage Evaluation stage started <<<<<<]
[2025-04-14 15:17:02,714: INFO: common: yaml file: config\config.yaml loaded successfully]
[2025-04-14 15:17:02,720: INFO: common: yaml file: params.yaml loaded successfully]
[2025-04-14 15:17:02,721: INFO: common: created directory at: artifacts]
[2025-04-14 15:17:03,027: WARNING: saving_utils: Compiled the loaded model, but the compiled metrics have yet to be built. `model.compile_metrics` will be empty until you train or evaluate the model.]
[2025-04-14 15:17:37,751: INFO: common: json file saved at: scores.json]
[2025-04-14 15:17:37,754: INFO: common: json file saved at: scores.json]
[2025-04-14 15:17:52,886: INFO: main: >>>>>> stage Evaluation stage completed <<<<<<

x==========x]
